2025-11-28 13:49:38,092 - INFO - Starting Monitor for Asset ID: 21742633143463906290569050155826241533067272736897614950488156847949938836455
2025-11-28 13:49:38,749 - INFO - Subscribed to Level 2 (Orderbook)
2025-11-28 13:49:38,749 - INFO - Subscribed to Trades
2025-11-28 13:49:38,996 - ERROR - Error in WS loop: 'list' object has no attribute 'get'
2025-11-28 13:49:44,008 - ERROR - Error in WS loop: Expecting value: line 1 column 1 (char 0)
2025-11-28 13:50:03,756 - INFO - Stopping monitor...
2025-11-28 13:56:10,868 - INFO - Starting Monitor for Asset ID: 21742633143463906290569050155826241533067272736897614950488156847949938836455
2025-11-28 13:56:12,412 - INFO - Telegram alert sent successfully.
2025-11-28 13:56:13,055 - INFO - Subscribed to Level 2 (Orderbook)
2025-11-28 13:56:13,058 - INFO - Subscribed to Trades
2025-11-28 13:56:14,236 - ERROR - Error in WS loop: Expecting value: line 1 column 1 (char 0)
2025-11-28 13:56:27,738 - INFO - Stopping monitor...
2025-11-28 14:02:55,967 - INFO - Initialized DB with default market.
2025-11-28 14:02:55,968 - INFO - Starting Monitor. Watching 1 markets.
2025-11-28 14:02:57,150 - INFO - Telegram alert sent successfully.
2025-11-28 14:02:57,801 - INFO - Connected to WS. Subscribing to 1 assets.
2025-11-28 14:02:58,315 - ERROR - WS Error: Expecting value: line 1 column 1 (char 0). Reconnecting in 5s...
2025-11-28 14:03:04,168 - INFO - Connected to WS. Subscribing to 1 assets.
2025-11-28 14:03:05,675 - ERROR - WS Error: Expecting value: line 1 column 1 (char 0). Reconnecting in 5s...
2025-11-28 14:03:11,310 - INFO - Connected to WS. Subscribing to 1 assets.
2025-11-28 14:03:11,834 - ERROR - WS Error: Expecting value: line 1 column 1 (char 0). Reconnecting in 5s...
2025-11-28 14:03:17,455 - INFO - Connected to WS. Subscribing to 1 assets.
2025-11-28 14:03:17,956 - ERROR - WS Error: Expecting value: line 1 column 1 (char 0). Reconnecting in 5s...
2025-11-28 14:03:23,550 - INFO - Connected to WS. Subscribing to 1 assets.
2025-11-28 14:03:25,024 - ERROR - WS Error: Expecting value: line 1 column 1 (char 0). Reconnecting in 5s...
2025-11-28 14:03:30,415 - INFO - Connected to WS. Subscribing to 1 assets.
2025-11-28 14:03:30,938 - ERROR - WS Error: Expecting value: line 1 column 1 (char 0). Reconnecting in 5s...
2025-11-28 14:03:36,563 - INFO - Connected to WS. Subscribing to 1 assets.
2025-11-28 14:03:37,078 - ERROR - WS Error: Expecting value: line 1 column 1 (char 0). Reconnecting in 5s...
2025-11-28 14:03:44,757 - INFO - Connected to WS. Subscribing to 1 assets.
2025-11-28 14:03:45,261 - ERROR - WS Error: Expecting value: line 1 column 1 (char 0). Reconnecting in 5s...
2025-11-28 14:03:50,887 - INFO - Connected to WS. Subscribing to 1 assets.
2025-11-28 14:03:51,382 - ERROR - WS Error: Expecting value: line 1 column 1 (char 0). Reconnecting in 5s...
2025-11-28 14:03:57,012 - INFO - Connected to WS. Subscribing to 1 assets.
2025-11-28 14:03:57,182 - INFO - Checking for market updates...
2025-11-28 14:03:57,184 - INFO - Market list changed. Triggering reconnection...
2025-11-28 14:03:59,652 - INFO - Connected to WS. Subscribing to 2 assets.
2025-11-28 14:04:00,165 - ERROR - WS Error: Expecting value: line 1 column 1 (char 0). Reconnecting in 5s...
2025-11-28 14:04:05,804 - INFO - Connected to WS. Subscribing to 2 assets.
2025-11-28 14:04:06,309 - ERROR - WS Error: Expecting value: line 1 column 1 (char 0). Reconnecting in 5s...
2025-11-28 14:04:11,951 - INFO - Connected to WS. Subscribing to 2 assets.
2025-11-28 14:04:12,463 - ERROR - WS Error: Expecting value: line 1 column 1 (char 0). Reconnecting in 5s...
2025-11-28 14:04:18,760 - INFO - Connected to WS. Subscribing to 2 assets.
2025-11-28 14:04:19,275 - ERROR - WS Error: Expecting value: line 1 column 1 (char 0). Reconnecting in 5s...
2025-11-28 14:04:25,563 - INFO - Connected to WS. Subscribing to 2 assets.
2025-11-28 14:04:26,382 - ERROR - WS Error: Expecting value: line 1 column 1 (char 0). Reconnecting in 5s...
2025-11-28 14:04:31,998 - INFO - Connected to WS. Subscribing to 2 assets.
2025-11-28 14:04:32,506 - ERROR - WS Error: Expecting value: line 1 column 1 (char 0). Reconnecting in 5s...
2025-11-28 14:04:38,143 - INFO - Connected to WS. Subscribing to 2 assets.
2025-11-28 14:04:38,636 - ERROR - WS Error: Expecting value: line 1 column 1 (char 0). Reconnecting in 5s...
2025-11-28 14:04:44,255 - INFO - Connected to WS. Subscribing to 2 assets.
2025-11-28 14:04:44,781 - ERROR - WS Error: Expecting value: line 1 column 1 (char 0). Reconnecting in 5s...
2025-11-28 14:04:50,398 - INFO - Connected to WS. Subscribing to 2 assets.
2025-11-28 14:04:50,920 - ERROR - WS Error: Expecting value: line 1 column 1 (char 0). Reconnecting in 5s...
2025-11-28 14:04:53,446 - INFO - Stopping monitor...
